<?xml version="1.0" encoding="UTF-8"?>
<!-- Generated by org.testng.reporters.JUnitReportReporter -->
<testsuite ignored="0" hostname="LAPTOP-MO4E1E2H" failures="0" tests="1" name="org.testing.TestScripts.TC5" time="0.040" errors="0" timestamp="15 Oct 2019 17:53:09 GMT" skipped="0">
  <testcase classname="org.testing.TestScripts.TC5" name="tc5" time="0.040"/>
</testsuite> <!-- org.testing.TestScripts.TC5 -->
