<?xml version="1.0" encoding="UTF-8"?>
<!-- Generated by org.testng.reporters.JUnitReportReporter -->
<testsuite ignored="0" hostname="LAPTOP-MO4E1E2H" failures="0" tests="1" name="org.testing.TestScripts.TC1" time="2.640" errors="0" timestamp="03 Oct 2019 18:47:23 GMT" skipped="0">
  <testcase classname="org.testing.TestScripts.TC1" name="tc1" time="2.640"/>
</testsuite> <!-- org.testing.TestScripts.TC1 -->
