<?xml version="1.0" encoding="UTF-8"?>
<!-- Generated by org.testng.reporters.JUnitReportReporter -->
<testsuite ignored="0" hostname="LAPTOP-MO4E1E2H" failures="0" tests="1" name="org.testing.TestScripts.TC4" time="0.047" errors="0" timestamp="03 Oct 2019 18:47:23 GMT" skipped="0">
  <testcase classname="org.testing.TestScripts.TC4" name="tc4" time="0.047"/>
</testsuite> <!-- org.testing.TestScripts.TC4 -->
