<?xml version="1.0" encoding="UTF-8"?>
<!-- Generated by org.testng.reporters.JUnitReportReporter -->
<testsuite ignored="0" hostname="LAPTOP-MO4E1E2H" failures="0" tests="1" name="org.testing.TestScripts.TC6" time="0.075" errors="0" timestamp="16 Oct 2019 17:12:45 GMT" skipped="0">
  <testcase classname="org.testing.TestScripts.TC6" name="tc6" time="0.075"/>
</testsuite> <!-- org.testing.TestScripts.TC6 -->
