<?xml version="1.0" encoding="UTF-8"?>
<!-- Generated by org.testng.reporters.JUnitReportReporter -->
<testsuite ignored="0" hostname="LAPTOP-MO4E1E2H" failures="0" tests="1" name="org.testing.Utilities.JsonFetch" time="0.026" errors="0" timestamp="15 Oct 2019 18:42:21 GMT" skipped="0">
  <testcase classname="org.testing.Utilities.JsonFetch" name="jsonFetchFromResponse" time="0.026"/>
</testsuite> <!-- org.testing.Utilities.JsonFetch -->
