<?xml version="1.0" encoding="UTF-8"?>
<!-- Generated by org.testng.reporters.JUnitReportReporter -->
<testsuite ignored="0" hostname="LAPTOP-MO4E1E2H" failures="0" tests="1" name="org.testing.Utilities.JsonLoad" time="0.028" errors="0" timestamp="11 Oct 2019 18:39:12 GMT" skipped="0">
  <testcase classname="org.testing.Utilities.JsonLoad" name="jsonDataRead" time="0.028"/>
</testsuite> <!-- org.testing.Utilities.JsonLoad -->
